{"total": {"lines":{"total":2490,"covered":49,"skipped":0,"pct":1.96},"statements":{"total":3059,"covered":60,"skipped":0,"pct":1.96},"functions":{"total":1221,"covered":40,"skipped":0,"pct":3.27},"branches":{"total":2259,"covered":37,"skipped":0,"pct":1.63},"branchesTrue":{"total":0,"covered":0,"skipped":0,"pct":100}}
,"/Users/fishmint/Desktop/p/create_project/metrology-master/client/src/App.vue": {"lines":{"total":50,"covered":49,"skipped":0,"pct":98},"functions":{"total":41,"covered":40,"skipped":0,"pct":97.56},"statements":{"total":61,"covered":60,"skipped":0,"pct":98.36},"branches":{"total":37,"covered":37,"skipped":0,"pct":100}}
,"/Users/fishmint/Desktop/p/create_project/metrology-master/client/src/api/instruments.js": {"lines":{"total":83,"covered":0,"skipped":0,"pct":0},"functions":{"total":55,"covered":0,"skipped":0,"pct":0},"statements":{"total":83,"covered":0,"skipped":0,"pct":0},"branches":{"total":2,"covered":0,"skipped":0,"pct":0}}
,"/Users/fishmint/Desktop/p/create_project/metrology-master/client/src/api/request.js": {"lines":{"total":26,"covered":0,"skipped":0,"pct":0},"functions":{"total":4,"covered":0,"skipped":0,"pct":0},"statements":{"total":26,"covered":0,"skipped":0,"pct":0},"branches":{"total":16,"covered":0,"skipped":0,"pct":0}}
,"/Users/fishmint/Desktop/p/create_project/metrology-master/client/src/components/AppHeader.vue": {"lines":{"total":23,"covered":0,"skipped":0,"pct":0},"functions":{"total":19,"covered":0,"skipped":0,"pct":0},"statements":{"total":28,"covered":0,"skipped":0,"pct":0},"branches":{"total":15,"covered":0,"skipped":0,"pct":0}}
,"/Users/fishmint/Desktop/p/create_project/metrology-master/client/src/components/ConfirmationPreviewDialog.vue": {"lines":{"total":86,"covered":0,"skipped":0,"pct":0},"functions":{"total":44,"covered":0,"skipped":0,"pct":0},"statements":{"total":94,"covered":0,"skipped":0,"pct":0},"branches":{"total":68,"covered":0,"skipped":0,"pct":0}}
,"/Users/fishmint/Desktop/p/create_project/metrology-master/client/src/components/InstrumentHistoryDrawer.vue": {"lines":{"total":52,"covered":0,"skipped":0,"pct":0},"functions":{"total":22,"covered":0,"skipped":0,"pct":0},"statements":{"total":60,"covered":0,"skipped":0,"pct":0},"branches":{"total":55,"covered":0,"skipped":0,"pct":0}}
,"/Users/fishmint/Desktop/p/create_project/metrology-master/client/src/components/InstrumentRecycleBin.vue": {"lines":{"total":37,"covered":0,"skipped":0,"pct":0},"functions":{"total":16,"covered":0,"skipped":0,"pct":0},"statements":{"total":51,"covered":0,"skipped":0,"pct":0},"branches":{"total":39,"covered":0,"skipped":0,"pct":0}}
,"/Users/fishmint/Desktop/p/create_project/metrology-master/client/src/components/instrument/BatchCertUploadDialog.vue": {"lines":{"total":33,"covered":0,"skipped":0,"pct":0},"functions":{"total":43,"covered":0,"skipped":0,"pct":0},"statements":{"total":46,"covered":0,"skipped":0,"pct":0},"branches":{"total":57,"covered":0,"skipped":0,"pct":0}}
,"/Users/fishmint/Desktop/p/create_project/metrology-master/client/src/components/instrument/CertCheckDialog.vue": {"lines":{"total":29,"covered":0,"skipped":0,"pct":0},"functions":{"total":27,"covered":0,"skipped":0,"pct":0},"statements":{"total":36,"covered":0,"skipped":0,"pct":0},"branches":{"total":59,"covered":0,"skipped":0,"pct":0}}
,"/Users/fishmint/Desktop/p/create_project/metrology-master/client/src/components/instrument/ClearCategoryDialog.vue": {"lines":{"total":10,"covered":0,"skipped":0,"pct":0},"functions":{"total":12,"covered":0,"skipped":0,"pct":0},"statements":{"total":15,"covered":0,"skipped":0,"pct":0},"branches":{"total":14,"covered":0,"skipped":0,"pct":0}}
,"/Users/fishmint/Desktop/p/create_project/metrology-master/client/src/components/instrument/ConfirmMatchDialog.vue": {"lines":{"total":21,"covered":0,"skipped":0,"pct":0},"functions":{"total":12,"covered":0,"skipped":0,"pct":0},"statements":{"total":27,"covered":0,"skipped":0,"pct":0},"branches":{"total":42,"covered":0,"skipped":0,"pct":0}}
,"/Users/fishmint/Desktop/p/create_project/metrology-master/client/src/components/instrument/CreateFromCertDialog.vue": {"lines":{"total":16,"covered":0,"skipped":0,"pct":0},"functions":{"total":21,"covered":0,"skipped":0,"pct":0},"statements":{"total":22,"covered":0,"skipped":0,"pct":0},"branches":{"total":16,"covered":0,"skipped":0,"pct":0}}
,"/Users/fishmint/Desktop/p/create_project/metrology-master/client/src/components/instrument/ExportColumnsDialog.vue": {"lines":{"total":12,"covered":0,"skipped":0,"pct":0},"functions":{"total":16,"covered":0,"skipped":0,"pct":0},"statements":{"total":20,"covered":0,"skipped":0,"pct":0},"branches":{"total":20,"covered":0,"skipped":0,"pct":0}}
,"/Users/fishmint/Desktop/p/create_project/metrology-master/client/src/components/instrument/FuzzyMatchDialog.vue": {"lines":{"total":18,"covered":0,"skipped":0,"pct":0},"functions":{"total":23,"covered":0,"skipped":0,"pct":0},"statements":{"total":29,"covered":0,"skipped":0,"pct":0},"branches":{"total":35,"covered":0,"skipped":0,"pct":0}}
,"/Users/fishmint/Desktop/p/create_project/metrology-master/client/src/components/instrument/LedgerViewDialog.vue": {"lines":{"total":32,"covered":0,"skipped":0,"pct":0},"functions":{"total":50,"covered":0,"skipped":0,"pct":0},"statements":{"total":60,"covered":0,"skipped":0,"pct":0},"branches":{"total":87,"covered":0,"skipped":0,"pct":0}}
,"/Users/fishmint/Desktop/p/create_project/metrology-master/client/src/components/instrument/ManualMatchDialog.vue": {"lines":{"total":11,"covered":0,"skipped":0,"pct":0},"functions":{"total":16,"covered":0,"skipped":0,"pct":0},"statements":{"total":18,"covered":0,"skipped":0,"pct":0},"branches":{"total":20,"covered":0,"skipped":0,"pct":0}}
,"/Users/fishmint/Desktop/p/create_project/metrology-master/client/src/components/instrument/MultiMatchDialog.vue": {"lines":{"total":21,"covered":0,"skipped":0,"pct":0},"functions":{"total":19,"covered":0,"skipped":0,"pct":0},"statements":{"total":28,"covered":0,"skipped":0,"pct":0},"branches":{"total":47,"covered":0,"skipped":0,"pct":0}}
,"/Users/fishmint/Desktop/p/create_project/metrology-master/client/src/components/instrument/PhotoSearchDialog.vue": {"lines":{"total":17,"covered":0,"skipped":0,"pct":0},"functions":{"total":11,"covered":0,"skipped":0,"pct":0},"statements":{"total":21,"covered":0,"skipped":0,"pct":0},"branches":{"total":37,"covered":0,"skipped":0,"pct":0}}
,"/Users/fishmint/Desktop/p/create_project/metrology-master/client/src/components/instrument/RuleFormDialog.vue": {"lines":{"total":15,"covered":0,"skipped":0,"pct":0},"functions":{"total":21,"covered":0,"skipped":0,"pct":0},"statements":{"total":22,"covered":0,"skipped":0,"pct":0},"branches":{"total":26,"covered":0,"skipped":0,"pct":0}}
,"/Users/fishmint/Desktop/p/create_project/metrology-master/client/src/components/instrument/RulesConfigDialog.vue": {"lines":{"total":15,"covered":0,"skipped":0,"pct":0},"functions":{"total":21,"covered":0,"skipped":0,"pct":0},"statements":{"total":23,"covered":0,"skipped":0,"pct":0},"branches":{"total":32,"covered":0,"skipped":0,"pct":0}}
,"/Users/fishmint/Desktop/p/create_project/metrology-master/client/src/components/instrument/UploadLedgerDialog.vue": {"lines":{"total":8,"covered":0,"skipped":0,"pct":0},"functions":{"total":11,"covered":0,"skipped":0,"pct":0},"statements":{"total":13,"covered":0,"skipped":0,"pct":0},"branches":{"total":14,"covered":0,"skipped":0,"pct":0}}
,"/Users/fishmint/Desktop/p/create_project/metrology-master/client/src/composables/useCertCheck.js": {"lines":{"total":39,"covered":0,"skipped":0,"pct":0},"functions":{"total":4,"covered":0,"skipped":0,"pct":0},"statements":{"total":41,"covered":0,"skipped":0,"pct":0},"branches":{"total":25,"covered":0,"skipped":0,"pct":0}}
,"/Users/fishmint/Desktop/p/create_project/metrology-master/client/src/composables/useCertificateMatch.js": {"lines":{"total":126,"covered":0,"skipped":0,"pct":0},"functions":{"total":19,"covered":0,"skipped":0,"pct":0},"statements":{"total":143,"covered":0,"skipped":0,"pct":0},"branches":{"total":99,"covered":0,"skipped":0,"pct":0}}
,"/Users/fishmint/Desktop/p/create_project/metrology-master/client/src/composables/useCertificateUpload.js": {"lines":{"total":49,"covered":0,"skipped":0,"pct":0},"functions":{"total":6,"covered":0,"skipped":0,"pct":0},"statements":{"total":52,"covered":0,"skipped":0,"pct":0},"branches":{"total":20,"covered":0,"skipped":0,"pct":0}}
,"/Users/fishmint/Desktop/p/create_project/metrology-master/client/src/composables/useDataClear.js": {"lines":{"total":28,"covered":0,"skipped":0,"pct":0},"functions":{"total":5,"covered":0,"skipped":0,"pct":0},"statements":{"total":31,"covered":0,"skipped":0,"pct":0},"branches":{"total":12,"covered":0,"skipped":0,"pct":0}}
,"/Users/fishmint/Desktop/p/create_project/metrology-master/client/src/composables/useExport.js": {"lines":{"total":85,"covered":0,"skipped":0,"pct":0},"functions":{"total":15,"covered":0,"skipped":0,"pct":0},"statements":{"total":107,"covered":0,"skipped":0,"pct":0},"branches":{"total":48,"covered":0,"skipped":0,"pct":0}}
,"/Users/fishmint/Desktop/p/create_project/metrology-master/client/src/composables/useInstrumentList.js": {"lines":{"total":127,"covered":0,"skipped":0,"pct":0},"functions":{"total":22,"covered":0,"skipped":0,"pct":0},"statements":{"total":167,"covered":0,"skipped":0,"pct":0},"branches":{"total":125,"covered":0,"skipped":0,"pct":0}}
,"/Users/fishmint/Desktop/p/create_project/metrology-master/client/src/composables/useLedgerView.js": {"lines":{"total":141,"covered":0,"skipped":0,"pct":0},"functions":{"total":25,"covered":0,"skipped":0,"pct":0},"statements":{"total":168,"covered":0,"skipped":0,"pct":0},"branches":{"total":87,"covered":0,"skipped":0,"pct":0}}
,"/Users/fishmint/Desktop/p/create_project/metrology-master/client/src/composables/usePhotoSearch.js": {"lines":{"total":32,"covered":0,"skipped":0,"pct":0},"functions":{"total":2,"covered":0,"skipped":0,"pct":0},"statements":{"total":36,"covered":0,"skipped":0,"pct":0},"branches":{"total":12,"covered":0,"skipped":0,"pct":0}}
,"/Users/fishmint/Desktop/p/create_project/metrology-master/client/src/composables/useValidityRules.js": {"lines":{"total":58,"covered":0,"skipped":0,"pct":0},"functions":{"total":6,"covered":0,"skipped":0,"pct":0},"statements":{"total":60,"covered":0,"skipped":0,"pct":0},"branches":{"total":14,"covered":0,"skipped":0,"pct":0}}
,"/Users/fishmint/Desktop/p/create_project/metrology-master/client/src/stores/auth.js": {"lines":{"total":13,"covered":0,"skipped":0,"pct":0},"functions":{"total":4,"covered":0,"skipped":0,"pct":0},"statements":{"total":14,"covered":0,"skipped":0,"pct":0},"branches":{"total":4,"covered":0,"skipped":0,"pct":0}}
,"/Users/fishmint/Desktop/p/create_project/metrology-master/client/src/utils/constants.js": {"lines":{"total":17,"covered":0,"skipped":0,"pct":0},"functions":{"total":2,"covered":0,"skipped":0,"pct":0},"statements":{"total":21,"covered":0,"skipped":0,"pct":0},"branches":{"total":10,"covered":0,"skipped":0,"pct":0}}
,"/Users/fishmint/Desktop/p/create_project/metrology-master/client/src/utils/instrumentHistory.js": {"lines":{"total":11,"covered":0,"skipped":0,"pct":0},"functions":{"total":3,"covered":0,"skipped":0,"pct":0},"statements":{"total":15,"covered":0,"skipped":0,"pct":0},"branches":{"total":18,"covered":0,"skipped":0,"pct":0}}
,"/Users/fishmint/Desktop/p/create_project/metrology-master/client/src/views/Dashboard.vue": {"lines":{"total":84,"covered":0,"skipped":0,"pct":0},"functions":{"total":36,"covered":0,"skipped":0,"pct":0},"statements":{"total":97,"covered":0,"skipped":0,"pct":0},"branches":{"total":74,"covered":0,"skipped":0,"pct":0}}
,"/Users/fishmint/Desktop/p/create_project/metrology-master/client/src/views/ImportPage.vue": {"lines":{"total":233,"covered":0,"skipped":0,"pct":0},"functions":{"total":113,"covered":0,"skipped":0,"pct":0},"statements":{"total":276,"covered":0,"skipped":0,"pct":0},"branches":{"total":200,"covered":0,"skipped":0,"pct":0}}
,"/Users/fishmint/Desktop/p/create_project/metrology-master/client/src/views/InspectionWorkspace.vue": {"lines":{"total":282,"covered":0,"skipped":0,"pct":0},"functions":{"total":94,"covered":0,"skipped":0,"pct":0},"statements":{"total":338,"covered":0,"skipped":0,"pct":0},"branches":{"total":254,"covered":0,"skipped":0,"pct":0}}
,"/Users/fishmint/Desktop/p/create_project/metrology-master/client/src/views/InstrumentForm.vue": {"lines":{"total":221,"covered":0,"skipped":0,"pct":0},"functions":{"total":111,"covered":0,"skipped":0,"pct":0},"statements":{"total":258,"covered":0,"skipped":0,"pct":0},"branches":{"total":160,"covered":0,"skipped":0,"pct":0}}
,"/Users/fishmint/Desktop/p/create_project/metrology-master/client/src/views/InstrumentList.vue": {"lines":{"total":173,"covered":0,"skipped":0,"pct":0},"functions":{"total":197,"covered":0,"skipped":0,"pct":0},"statements":{"total":270,"covered":0,"skipped":0,"pct":0},"branches":{"total":259,"covered":0,"skipped":0,"pct":0}}
,"/Users/fishmint/Desktop/p/create_project/metrology-master/client/src/views/Login.vue": {"lines":{"total":30,"covered":0,"skipped":0,"pct":0},"functions":{"total":14,"covered":0,"skipped":0,"pct":0},"statements":{"total":36,"covered":0,"skipped":0,"pct":0},"branches":{"total":18,"covered":0,"skipped":0,"pct":0}}
,"/Users/fishmint/Desktop/p/create_project/metrology-master/client/src/views/WarningPage.vue": {"lines":{"total":126,"covered":0,"skipped":0,"pct":0},"functions":{"total":39,"covered":0,"skipped":0,"pct":0},"statements":{"total":146,"covered":0,"skipped":0,"pct":0},"branches":{"total":82,"covered":0,"skipped":0,"pct":0}}
}
